Glide version 79013 (mmshare version 42013)
Copyright (c) Schrodinger, LLC.
All Rights Reserved.

--------------------------------------------------------------------------------
JobId          : meticillin-0-5b3b4525
Name           : glide-grid_4zi1
Program        : Glide
MMshareExec    : /local/sbdd/schrodinger/2018-2/install/mmshare-v4.2/bin/Linux-x86_64
Host           : meticillin.Informatik.Uni-Tuebingen.De
Dir            : /home/dutsch/glide-grid_4zi1
HostEntry      : localhost
JobHost        : meticillin.Informatik.Uni-Tuebingen.De
JobDir         : /tmp/dutsch/glide-grid_4zi1
JobMMshareExec : /local/sbdd/schrodinger/2018-2/install/mmshare-v4.2/bin/Linux-x86_64
Commandline    : /local/sbdd/schrodinger/2018-2/install/glide glide-grid_4zi1.in -OVERWRITE -HOST localhost -PROJ /local/sbdd/schrodinger/workdirs/project5/maestro_backup/ER_beta_ligprepped_all.prj -DISP ignore -VIEWNAME glide_gridgen_gui.GridGenPanel -TMPLAUNCHDIR -ATTACHED
StartTime      : 2018-07-03-11:53:01
--------------------------------------------------------------------------------

[running at reduced cpu priority]
Calling OPLS_2005 atomtyping ...
Finished parameter assignment
 VdW radii of protein atoms scaled by    1.00000000000000     
 Charge cutoff for polarity  0.250000000000000     
  Receptor setup: (nsites, nx, ny, nz, bsize)=(         125 ,           25 , 
          25 ,           25 ,    1.00000000000000      ).
 Screening setup finished.
 DOCKMAIN: getting receptor.
  DOCKMAIN after grid: (nx, ny, nz) = (          64 ,           64 , 
          64 ).
Creating output grid archive 'glide-grid_4zi1.zip'

Exiting Glide
Date: Tuesday, July 03 2018, at 11:53:23 MST
CPU time (s): 19.9 user, 0.3 system, 20.6 real
Total elapsed time = 21 seconds
[running at reduced cpu priority]
